2026-01-29 18:27:30 Target files: 53
2026-01-29 18:27:30 Downloads: 36 out of 53 Complete
2026-01-29 18:28:01 Downloads: 36 out of 53 Complete
2026-01-29 18:28:01 Restarting downloads...
2026-01-29 18:28:31 Downloads: 38 out of 53 Complete
2026-01-29 18:29:02 Downloads: 39 out of 53 Complete
2026-01-29 18:29:33 Downloads: 40 out of 53 Complete
2026-01-29 18:30:04 Downloads: 41 out of 53 Complete
2026-01-29 18:30:35 Downloads: 43 out of 53 Complete
2026-01-29 18:31:06 Downloads: 44 out of 53 Complete
2026-01-29 18:31:36 Downloads: 46 out of 53 Complete
2026-01-29 18:32:07 Downloads: 47 out of 53 Complete
2026-01-29 18:32:38 Downloads: 49 out of 53 Complete
2026-01-29 18:33:09 Downloads: 51 out of 53 Complete
2026-01-29 18:33:40 MP3s: 0 out of 53 Complete
2026-01-29 18:34:11 MP3s: 6 out of 53 Complete
2026-01-29 18:34:42 MP3s: 12 out of 53 Complete
2026-01-29 18:35:12 MP3s: 18 out of 53 Complete
2026-01-29 18:35:43 MP3s: 23 out of 53 Complete
2026-01-29 18:36:14 MP3s: 29 out of 53 Complete
2026-01-29 18:36:45 MP3s: 35 out of 53 Complete
2026-01-29 18:37:16 MP3s: 41 out of 53 Complete
2026-01-29 18:37:46 MP3s: 45 out of 53 Complete
2026-01-29 18:38:17 MP3s: 52 out of 53 Complete
2026-01-29 18:38:48 Transcripts: 2 out of 53 Complete
2026-01-29 18:39:18 Transcripts: 3 out of 53 Complete
2026-01-29 18:39:49 Transcripts: 4 out of 53 Complete
2026-01-29 18:40:20 Transcripts: 5 out of 53 Complete
2026-01-29 18:40:51 Transcripts: 6 out of 53 Complete
2026-01-29 18:41:22 Transcripts: 7 out of 53 Complete
2026-01-29 18:41:52 Transcripts: 9 out of 53 Complete
2026-01-29 18:42:23 Transcripts: 11 out of 53 Complete
2026-01-29 18:42:53 Transcripts: 12 out of 53 Complete
2026-01-29 18:43:24 Transcripts: 13 out of 53 Complete
2026-01-29 18:43:55 Transcripts: 14 out of 53 Complete
2026-01-29 18:44:26 Transcripts: 15 out of 53 Complete
2026-01-29 18:44:56 Transcripts: 16 out of 53 Complete
2026-01-29 18:45:27 Transcripts: 18 out of 53 Complete
2026-01-29 18:45:58 Transcripts: 19 out of 53 Complete
2026-01-29 18:46:29 Transcripts: 20 out of 53 Complete
2026-01-29 18:46:59 Transcripts: 21 out of 53 Complete
2026-01-29 18:47:30 Transcripts: 22 out of 53 Complete
2026-01-29 18:48:01 Transcripts: 23 out of 53 Complete
2026-01-29 18:48:32 Transcripts: 25 out of 53 Complete
2026-01-29 18:49:02 Transcripts: 27 out of 53 Complete
2026-01-29 18:49:33 Transcripts: 28 out of 53 Complete
2026-01-29 18:50:04 Transcripts: 29 out of 53 Complete
2026-01-29 18:50:34 Transcripts: 30 out of 53 Complete
2026-01-29 18:51:05 Transcripts: 32 out of 53 Complete
2026-01-29 18:51:36 Transcripts: 33 out of 53 Complete
2026-01-29 18:52:07 Transcripts: 34 out of 53 Complete
2026-01-29 18:52:38 Transcripts: 36 out of 53 Complete
2026-01-29 18:53:08 Transcripts: 37 out of 53 Complete
2026-01-29 18:53:39 Transcripts: 38 out of 53 Complete
2026-01-29 18:54:10 Transcripts: 39 out of 53 Complete
2026-01-29 18:54:41 Transcripts: 40 out of 53 Complete
2026-01-29 18:55:11 Transcripts: 41 out of 53 Complete
2026-01-29 18:55:42 Transcripts: 42 out of 53 Complete
2026-01-29 18:56:13 Transcripts: 42 out of 53 Complete
2026-01-29 18:56:43 Transcripts: 43 out of 53 Complete
2026-01-29 18:57:14 Transcripts: 45 out of 53 Complete
2026-01-29 18:57:45 Transcripts: 46 out of 53 Complete
2026-01-29 18:58:16 Transcripts: 47 out of 53 Complete
2026-01-29 18:58:46 Transcripts: 49 out of 53 Complete
2026-01-29 18:59:17 Transcripts: 50 out of 53 Complete
2026-01-29 18:59:48 Transcripts: 52 out of 53 Complete
2026-01-29 19:00:18 Transcripts: 52 out of 53 Complete
2026-01-29 19:00:49 All done: 53 out of 53 Complete
2026-01-29 19:05:07 Target files: 53
2026-01-29 19:05:07 All done: 53 out of 53 Complete
2026-01-29 19:19:17 Target files: 55
2026-01-29 19:19:17 Downloads: 53 out of 55 Complete
2026-01-29 19:19:18 Restarting downloads...
2026-01-29 19:19:48 All done: 55 out of 55 Complete
2026-01-29 20:03:28 Target files: 55
2026-01-29 20:03:28 All done: 56 out of 55 Complete
